2017-11-09 19:39:05 [scrapy.utils.log] INFO: Scrapy 1.4.0 started (bot: stockBot)
2017-11-09 19:39:05 [scrapy.utils.log] INFO: Overridden settings: {'NEWSPIDER_MODULE': 'stockBot.spiders', 'ROBOTSTXT_OBEY': True, 'SPIDER_MODULES': ['stockBot.spiders'], 'LOG_FILE': 'logs\\default\\bbSpider\\8cd6b740c5af11e79b3a3052cbaf3fb7.log', 'BOT_NAME': 'stockBot'}
2017-11-09 19:39:05 [scrapy.middleware] INFO: Enabled extensions:
['scrapy.extensions.logstats.LogStats',
 'scrapy.extensions.telnet.TelnetConsole',
 'scrapy.extensions.corestats.CoreStats']
2017-11-09 19:39:05 [scrapy.middleware] INFO: Enabled downloader middlewares:
['scrapy.downloadermiddlewares.robotstxt.RobotsTxtMiddleware',
 'scrapy.downloadermiddlewares.httpauth.HttpAuthMiddleware',
 'scrapy.downloadermiddlewares.downloadtimeout.DownloadTimeoutMiddleware',
 'scrapy.downloadermiddlewares.defaultheaders.DefaultHeadersMiddleware',
 'scrapy.downloadermiddlewares.useragent.UserAgentMiddleware',
 'scrapy.downloadermiddlewares.retry.RetryMiddleware',
 'scrapy.downloadermiddlewares.redirect.MetaRefreshMiddleware',
 'scrapy.downloadermiddlewares.httpcompression.HttpCompressionMiddleware',
 'scrapy.downloadermiddlewares.redirect.RedirectMiddleware',
 'scrapy.downloadermiddlewares.cookies.CookiesMiddleware',
 'scrapy.downloadermiddlewares.httpproxy.HttpProxyMiddleware',
 'scrapy.downloadermiddlewares.stats.DownloaderStats']
2017-11-09 19:39:05 [scrapy.middleware] INFO: Enabled spider middlewares:
['scrapy.spidermiddlewares.httperror.HttpErrorMiddleware',
 'scrapy.spidermiddlewares.offsite.OffsiteMiddleware',
 'scrapy.spidermiddlewares.referer.RefererMiddleware',
 'scrapy.spidermiddlewares.urllength.UrlLengthMiddleware',
 'scrapy.spidermiddlewares.depth.DepthMiddleware']
2017-11-09 19:39:05 [scrapy.middleware] INFO: Enabled item pipelines:
['stockBot.pipelines.StockbotPipeline']
2017-11-09 19:39:05 [scrapy.core.engine] INFO: Spider opened
2017-11-09 19:39:05 [scrapy.extensions.logstats] INFO: Crawled 0 pages (at 0 pages/min), scraped 0 items (at 0 items/min)
2017-11-09 19:39:05 [scrapy.extensions.telnet] DEBUG: Telnet console listening on 127.0.0.1:6023
2017-11-09 19:39:06 [scrapy.core.engine] DEBUG: Crawled (200) <GET https://www.bloomberg.com/robots.txt> (referer: None)
2017-11-09 19:39:06 [scrapy.core.engine] DEBUG: Crawled (200) <GET https://www.bloomberg.com/search?query=apple> (referer: None)
2017-11-09 19:39:06 [py.warnings] WARNING: c:\users\owner\documents\codingdojo\python\django\django-venv\lib\site-packages\django\db\models\fields\__init__.py:1451: RuntimeWarning: DateTimeField stockSearch.postDate received a naive datetime (2017-11-09 21:19:50) while time zone support is active.
  RuntimeWarning)

2017-11-09 19:39:06 [scrapy.core.scraper] DEBUG: Scraped from <200 https://www.bloomberg.com/search?query=apple>
{'headline': "Here's Why  Should Buy Netflix",
 'link': [u'https://www.bloomberg.com/news/videos/2017-11-09/here-s-why-apple-should-buy-netflix-video'],
 'postDate': datetime.datetime(2017, 11, 9, 21, 19, 50)}
2017-11-09 19:39:06 [py.warnings] WARNING: c:\users\owner\documents\codingdojo\python\django\django-venv\lib\site-packages\django\db\models\fields\__init__.py:1451: RuntimeWarning: DateTimeField stockSearch.postDate received a naive datetime (2017-11-09 12:13:46) while time zone support is active.
  RuntimeWarning)

2017-11-09 19:39:07 [scrapy.core.scraper] DEBUG: Scraped from <200 https://www.bloomberg.com/search?query=apple>
{'headline': '$1 Billion  Dream Fades for Irish Villagers',
 'link': [u'https://www.bloomberg.com/news/articles/2017-11-08/-1-billion-apple-dream-fades-for-irish-villagers-left-on-hold'],
 'postDate': datetime.datetime(2017, 11, 9, 12, 13, 46)}
2017-11-09 19:39:07 [py.warnings] WARNING: c:\users\owner\documents\codingdojo\python\django\django-venv\lib\site-packages\django\db\models\fields\__init__.py:1451: RuntimeWarning: DateTimeField stockSearch.postDate received a naive datetime (2017-11-08 18:46:42) while time zone support is active.
  RuntimeWarning)

2017-11-09 19:39:07 [scrapy.core.scraper] DEBUG: Scraped from <200 https://www.bloomberg.com/search?query=apple>
{'headline': 'The Cable - Theresa May,  & Mnuchin',
 'link': [u'https://www.bloomberg.com/news/audio/2017-11-08/the-cable-theresa-may-apple-mnuchin'],
 'postDate': datetime.datetime(2017, 11, 8, 18, 46, 42)}
2017-11-09 19:39:07 [py.warnings] WARNING: c:\users\owner\documents\codingdojo\python\django\django-venv\lib\site-packages\django\db\models\fields\__init__.py:1451: RuntimeWarning: DateTimeField stockSearch.postDate received a naive datetime (2017-11-08 18:25:04) while time zone support is active.
  RuntimeWarning)

2017-11-09 19:39:07 [scrapy.core.scraper] DEBUG: Scraped from <200 https://www.bloomberg.com/search?query=apple>
{'headline': [u' Said to Ramp Up Augmented Reality Push'],
 'link': [u'https://www.bloomberg.com/news/videos/2017-11-08/apple-said-to-ramp-up-augmented-reality-push-video'],
 'postDate': datetime.datetime(2017, 11, 8, 18, 25, 4)}
2017-11-09 19:39:07 [py.warnings] WARNING: c:\users\owner\documents\codingdojo\python\django\django-venv\lib\site-packages\django\db\models\fields\__init__.py:1451: RuntimeWarning: DateTimeField stockSearch.postDate received a naive datetime (2017-11-08 23:11:36) while time zone support is active.
  RuntimeWarning)

2017-11-09 19:39:07 [scrapy.core.scraper] DEBUG: Scraped from <200 https://www.bloomberg.com/search?query=apple>
{'headline': [u' Said to Be Working on a Redesigned, High-End iPad'],
 'link': [u'https://www.bloomberg.com/news/videos/2017-11-08/apple-said-to-be-working-on-a-redesigned-ipad-video'],
 'postDate': datetime.datetime(2017, 11, 8, 23, 11, 36)}
2017-11-09 19:39:07 [py.warnings] WARNING: c:\users\owner\documents\codingdojo\python\django\django-venv\lib\site-packages\django\db\models\fields\__init__.py:1451: RuntimeWarning: DateTimeField stockSearch.postDate received a naive datetime (2017-11-08 19:00:05) while time zone support is active.
  RuntimeWarning)

2017-11-09 19:39:07 [scrapy.core.scraper] DEBUG: Scraped from <200 https://www.bloomberg.com/search?query=apple>
{'headline': [u' Outbids Netflix for Show Starring Jennifer Aniston and Reese Witherspoon'],
 'link': [u'https://www.bloomberg.com/news/articles/2017-11-08/apple-outbids-netflix-for-aniston-witherspoon-show-on-morning-tv'],
 'postDate': datetime.datetime(2017, 11, 8, 19, 0, 5)}
2017-11-09 19:39:07 [py.warnings] WARNING: c:\users\owner\documents\codingdojo\python\django\django-venv\lib\site-packages\django\db\models\fields\__init__.py:1451: RuntimeWarning: DateTimeField stockSearch.postDate received a naive datetime (2017-11-08 18:09:10) while time zone support is active.
  RuntimeWarning)

2017-11-09 19:39:07 [scrapy.core.scraper] DEBUG: Scraped from <200 https://www.bloomberg.com/search?query=apple>
{'headline': [u' Is Working on 2018 iPad Redesign With Facial Recognition'],
 'link': [u'https://www.bloomberg.com/news/articles/2017-11-08/apple-is-said-to-plan-2018-ipad-redesign-with-facial-recognition'],
 'postDate': datetime.datetime(2017, 11, 8, 18, 9, 10)}
2017-11-09 19:39:07 [py.warnings] WARNING: c:\users\owner\documents\codingdojo\python\django\django-venv\lib\site-packages\django\db\models\fields\__init__.py:1451: RuntimeWarning: DateTimeField stockSearch.postDate received a naive datetime (2017-11-08 16:13:54) while time zone support is active.
  RuntimeWarning)

2017-11-09 19:39:07 [scrapy.core.scraper] DEBUG: Scraped from <200 https://www.bloomberg.com/search?query=apple>
{'headline': [u' Is Ramping Up Work on AR Headset to Succeed iPhone'],
 'link': [u'https://www.bloomberg.com/news/articles/2017-11-08/apple-is-said-to-ramp-up-work-on-augmented-reality-headset'],
 'postDate': datetime.datetime(2017, 11, 8, 16, 13, 54)}
2017-11-09 19:39:07 [py.warnings] WARNING: c:\users\owner\documents\codingdojo\python\django\django-venv\lib\site-packages\django\db\models\fields\__init__.py:1451: RuntimeWarning: DateTimeField stockSearch.postDate received a naive datetime (2017-11-08 05:01:00) while time zone support is active.
  RuntimeWarning)

2017-11-09 19:39:07 [scrapy.core.scraper] DEBUG: Scraped from <200 https://www.bloomberg.com/search?query=apple>
{'headline': [u' iPhone X Parts Cost $115 More Than iPhone 8, IHS Says'],
 'link': [u'https://www.bloomberg.com/news/articles/2017-11-08/apple-s-iphone-x-parts-cost-115-more-than-iphone-8-ihs-says'],
 'postDate': datetime.datetime(2017, 11, 8, 5, 1)}
2017-11-09 19:39:07 [py.warnings] WARNING: c:\users\owner\documents\codingdojo\python\django\django-venv\lib\site-packages\django\db\models\fields\__init__.py:1451: RuntimeWarning: DateTimeField stockSearch.postDate received a naive datetime (2017-11-07 20:35:13) while time zone support is active.
  RuntimeWarning)

2017-11-09 19:39:07 [scrapy.core.scraper] DEBUG: Scraped from <200 https://www.bloomberg.com/search?query=apple>
{'headline': 'Wal-Mart App Close to Surpassing  Pay in Usage',
 'link': [u'https://www.bloomberg.com/news/videos/2017-11-07/wal-mart-app-close-to-surpassing-apple-pay-in-usage-video'],
 'postDate': datetime.datetime(2017, 11, 7, 20, 35, 13)}
2017-11-09 19:39:07 [scrapy.core.engine] INFO: Closing spider (finished)
2017-11-09 19:39:07 [scrapy.statscollectors] INFO: Dumping Scrapy stats:
{'downloader/request_bytes': 497,
 'downloader/request_count': 2,
 'downloader/request_method_count/GET': 2,
 'downloader/response_bytes': 29339,
 'downloader/response_count': 2,
 'downloader/response_status_count/200': 2,
 'finish_reason': 'finished',
 'finish_time': datetime.datetime(2017, 11, 10, 0, 39, 7, 660000),
 'item_scraped_count': 10,
 'log_count/DEBUG': 13,
 'log_count/INFO': 7,
 'log_count/WARNING': 10,
 'response_received_count': 2,
 'scheduler/dequeued': 1,
 'scheduler/dequeued/memory': 1,
 'scheduler/enqueued': 1,
 'scheduler/enqueued/memory': 1,
 'start_time': datetime.datetime(2017, 11, 10, 0, 39, 5, 843000)}
2017-11-09 19:39:07 [scrapy.core.engine] INFO: Spider closed (finished)
