2017-11-09 20:09:09 [scrapy.utils.log] INFO: Scrapy 1.4.0 started (bot: stockBot)
2017-11-09 20:09:09 [scrapy.utils.log] INFO: Overridden settings: {'NEWSPIDER_MODULE': 'stockBot.spiders', 'ROBOTSTXT_OBEY': True, 'SPIDER_MODULES': ['stockBot.spiders'], 'LOG_FILE': 'logs\\default\\bbSpider\\c000b85ec5b311e7a2f03052cbaf3fb7.log', 'BOT_NAME': 'stockBot'}
2017-11-09 20:09:09 [scrapy.middleware] INFO: Enabled extensions:
['scrapy.extensions.logstats.LogStats',
 'scrapy.extensions.telnet.TelnetConsole',
 'scrapy.extensions.corestats.CoreStats']
2017-11-09 20:09:10 [scrapy.middleware] INFO: Enabled downloader middlewares:
['scrapy.downloadermiddlewares.robotstxt.RobotsTxtMiddleware',
 'scrapy.downloadermiddlewares.httpauth.HttpAuthMiddleware',
 'scrapy.downloadermiddlewares.downloadtimeout.DownloadTimeoutMiddleware',
 'scrapy.downloadermiddlewares.defaultheaders.DefaultHeadersMiddleware',
 'scrapy.downloadermiddlewares.useragent.UserAgentMiddleware',
 'scrapy.downloadermiddlewares.retry.RetryMiddleware',
 'scrapy.downloadermiddlewares.redirect.MetaRefreshMiddleware',
 'scrapy.downloadermiddlewares.httpcompression.HttpCompressionMiddleware',
 'scrapy.downloadermiddlewares.redirect.RedirectMiddleware',
 'scrapy.downloadermiddlewares.cookies.CookiesMiddleware',
 'scrapy.downloadermiddlewares.httpproxy.HttpProxyMiddleware',
 'scrapy.downloadermiddlewares.stats.DownloaderStats']
2017-11-09 20:09:10 [scrapy.middleware] INFO: Enabled spider middlewares:
['scrapy.spidermiddlewares.httperror.HttpErrorMiddleware',
 'scrapy.spidermiddlewares.offsite.OffsiteMiddleware',
 'scrapy.spidermiddlewares.referer.RefererMiddleware',
 'scrapy.spidermiddlewares.urllength.UrlLengthMiddleware',
 'scrapy.spidermiddlewares.depth.DepthMiddleware']
2017-11-09 20:09:10 [scrapy.middleware] INFO: Enabled item pipelines:
['stockBot.pipelines.StockbotPipeline']
2017-11-09 20:09:10 [scrapy.core.engine] INFO: Spider opened
2017-11-09 20:09:10 [scrapy.extensions.logstats] INFO: Crawled 0 pages (at 0 pages/min), scraped 0 items (at 0 items/min)
2017-11-09 20:09:10 [scrapy.extensions.telnet] DEBUG: Telnet console listening on 127.0.0.1:6023
2017-11-09 20:09:10 [scrapy.core.engine] DEBUG: Crawled (200) <GET https://www.bloomberg.com/robots.txt> (referer: None)
2017-11-09 20:09:11 [scrapy.core.engine] DEBUG: Crawled (200) <GET https://www.bloomberg.com/search?query=amazon> (referer: None)
2017-11-09 20:09:11 [py.warnings] WARNING: c:\users\owner\documents\codingdojo\python\django\django-venv\lib\site-packages\django\db\models\fields\__init__.py:1451: RuntimeWarning: DateTimeField stockSearch.postDate received a naive datetime (2017-11-09 12:00:00) while time zone support is active.
  RuntimeWarning)

2017-11-09 20:09:11 [scrapy.core.scraper] DEBUG: Scraped from <200 https://www.bloomberg.com/search?query=amazon>
{'headline': 'The Many Ways  and Others Could Storm the Gates of Finance',
 'link': [u'https://www.bloomberg.com/news/articles/2017-11-09/the-many-ways-amazon-and-others-could-storm-the-gates-of-finance'],
 'postDate': datetime.datetime(2017, 11, 9, 12, 0)}
2017-11-09 20:09:11 [py.warnings] WARNING: c:\users\owner\documents\codingdojo\python\django\django-venv\lib\site-packages\django\db\models\fields\__init__.py:1451: RuntimeWarning: DateTimeField stockSearch.postDate received a naive datetime (2017-11-09 00:05:59) while time zone support is active.
  RuntimeWarning)

2017-11-09 20:09:11 [scrapy.core.scraper] DEBUG: Scraped from <200 https://www.bloomberg.com/search?query=amazon>
{'headline': [u'How Postmates Plans to Take on '],
 'link': [u'https://www.bloomberg.com/news/videos/2017-11-09/how-postmates-plans-to-take-on-amazon-video'],
 'postDate': datetime.datetime(2017, 11, 9, 0, 5, 59)}
2017-11-09 20:09:11 [py.warnings] WARNING: c:\users\owner\documents\codingdojo\python\django\django-venv\lib\site-packages\django\db\models\fields\__init__.py:1451: RuntimeWarning: DateTimeField stockSearch.postDate received a naive datetime (2017-11-09 14:00:32) while time zone support is active.
  RuntimeWarning)

2017-11-09 20:09:11 [scrapy.core.scraper] DEBUG: Scraped from <200 https://www.bloomberg.com/search?query=amazon>
{'headline': [u' Dips Into U.K. Soccer Market With Manchester City Series'],
 'link': [u'https://www.bloomberg.com/news/articles/2017-11-09/amazon-dips-into-u-k-soccer-market-with-manchester-city-series'],
 'postDate': datetime.datetime(2017, 11, 9, 14, 0, 32)}
2017-11-09 20:09:11 [py.warnings] WARNING: c:\users\owner\documents\codingdojo\python\django\django-venv\lib\site-packages\django\db\models\fields\__init__.py:1451: RuntimeWarning: DateTimeField stockSearch.postDate received a naive datetime (2017-11-09 16:25:13) while time zone support is active.
  RuntimeWarning)

2017-11-09 20:09:11 [scrapy.core.scraper] DEBUG: Scraped from <200 https://www.bloomberg.com/search?query=amazon>
{'headline': 'Evening Briefing Europe: Saudi Purge, , Spies, Brexit, A380',
 'link': [u'https://www.bloomberg.com/news/articles/2017-11-09/evening-briefing-europe-saudi-purge-amazon-spies-brexit-a380'],
 'postDate': datetime.datetime(2017, 11, 9, 16, 25, 13)}
2017-11-09 20:09:11 [py.warnings] WARNING: c:\users\owner\documents\codingdojo\python\django\django-venv\lib\site-packages\django\db\models\fields\__init__.py:1451: RuntimeWarning: DateTimeField stockSearch.postDate received a naive datetime (2017-11-09 15:39:38) while time zone support is active.
  RuntimeWarning)

2017-11-09 20:09:11 [scrapy.core.scraper] DEBUG: Scraped from <200 https://www.bloomberg.com/search?query=amazon>
{'headline': [u"Kohl's Earnings: How To Survive Retail Apocalypse"],
 'link': [u'https://www.bloomberg.com/gadfly/articles/2017-11-09/kohl-s-earnings-how-to-survive-retail-apocalypse'],
 'postDate': datetime.datetime(2017, 11, 9, 15, 39, 38)}
2017-11-09 20:09:11 [py.warnings] WARNING: c:\users\owner\documents\codingdojo\python\django\django-venv\lib\site-packages\django\db\models\fields\__init__.py:1451: RuntimeWarning: DateTimeField stockSearch.postDate received a naive datetime (2017-11-08 13:00:10) while time zone support is active.
  RuntimeWarning)

2017-11-09 20:09:11 [scrapy.core.scraper] DEBUG: Scraped from <200 https://www.bloomberg.com/search?query=amazon>
{'headline': 'Postmates Adds Grocery Delivery, Undercutting  on Price',
 'link': [u'https://www.bloomberg.com/news/articles/2017-11-08/postmates-adds-grocery-delivery-undercutting-amazon-on-price'],
 'postDate': datetime.datetime(2017, 11, 8, 13, 0, 10)}
2017-11-09 20:09:11 [py.warnings] WARNING: c:\users\owner\documents\codingdojo\python\django\django-venv\lib\site-packages\django\db\models\fields\__init__.py:1451: RuntimeWarning: DateTimeField stockSearch.postDate received a naive datetime (2017-11-08 05:10:10) while time zone support is active.
  RuntimeWarning)

2017-11-09 20:09:12 [scrapy.core.scraper] DEBUG: Scraped from <200 https://www.bloomberg.com/search?query=amazon>
{'headline': [u" Alexa's Grasp of Hinglish Put to the Test"],
 'link': [u'https://www.bloomberg.com/news/videos/2017-11-08/amazon-alexa-s-grasp-of-hinglish-put-to-the-test-video'],
 'postDate': datetime.datetime(2017, 11, 8, 5, 10, 10)}
2017-11-09 20:09:12 [py.warnings] WARNING: c:\users\owner\documents\codingdojo\python\django\django-venv\lib\site-packages\django\db\models\fields\__init__.py:1451: RuntimeWarning: DateTimeField stockSearch.postDate received a naive datetime (2017-11-08 17:06:04) while time zone support is active.
  RuntimeWarning)

2017-11-09 20:09:12 [scrapy.core.scraper] DEBUG: Scraped from <200 https://www.bloomberg.com/search?query=amazon>
{'headline': 'This Is How  Could Invade the Pharmacy Business',
 'link': [u'https://www.bloomberg.com/news/articles/2017-11-07/six-ways-amazon-could-upend-the-pharmacy-business'],
 'postDate': datetime.datetime(2017, 11, 8, 17, 6, 4)}
2017-11-09 20:09:12 [py.warnings] WARNING: c:\users\owner\documents\codingdojo\python\django\django-venv\lib\site-packages\django\db\models\fields\__init__.py:1451: RuntimeWarning: DateTimeField stockSearch.postDate received a naive datetime (2017-11-08 18:03:24) while time zone support is active.
  RuntimeWarning)

2017-11-09 20:09:12 [scrapy.core.scraper] DEBUG: Scraped from <200 https://www.bloomberg.com/search?query=amazon>
{'headline': 'Bank of ? Regulator Floats Idea of Merging Banks and Commerce',
 'link': [u'https://www.bloomberg.com/news/articles/2017-11-08/banking-commerce-divide-may-be-unnecessary-u-s-regulator-says'],
 'postDate': datetime.datetime(2017, 11, 8, 18, 3, 24)}
2017-11-09 20:09:12 [py.warnings] WARNING: c:\users\owner\documents\codingdojo\python\django\django-venv\lib\site-packages\django\db\models\fields\__init__.py:1451: RuntimeWarning: DateTimeField stockSearch.postDate received a naive datetime (2017-11-08 10:00:00) while time zone support is active.
  RuntimeWarning)

2017-11-09 20:09:12 [scrapy.core.scraper] DEBUG: Scraped from <200 https://www.bloomberg.com/search?query=amazon>
{'headline': [u"Bank CEOs Can't Agree on How Scared They Should Be of "],
 'link': [u'https://www.bloomberg.com/news/articles/2017-11-08/bank-ceos-can-t-agree-on-how-scared-they-should-be-of-amazon'],
 'postDate': datetime.datetime(2017, 11, 8, 10, 0)}
2017-11-09 20:09:12 [scrapy.core.engine] INFO: Closing spider (finished)
2017-11-09 20:09:12 [scrapy.statscollectors] INFO: Dumping Scrapy stats:
{'downloader/request_bytes': 498,
 'downloader/request_count': 2,
 'downloader/request_method_count/GET': 2,
 'downloader/response_bytes': 29561,
 'downloader/response_count': 2,
 'downloader/response_status_count/200': 2,
 'finish_reason': 'finished',
 'finish_time': datetime.datetime(2017, 11, 10, 1, 9, 12, 261000),
 'item_scraped_count': 10,
 'log_count/DEBUG': 13,
 'log_count/INFO': 7,
 'log_count/WARNING': 10,
 'response_received_count': 2,
 'scheduler/dequeued': 1,
 'scheduler/dequeued/memory': 1,
 'scheduler/enqueued': 1,
 'scheduler/enqueued/memory': 1,
 'start_time': datetime.datetime(2017, 11, 10, 1, 9, 10, 375000)}
2017-11-09 20:09:12 [scrapy.core.engine] INFO: Spider closed (finished)
