2017-11-09 20:09:58 [scrapy.utils.log] INFO: Scrapy 1.4.0 started (bot: stockBot)
2017-11-09 20:09:58 [scrapy.utils.log] INFO: Overridden settings: {'NEWSPIDER_MODULE': 'stockBot.spiders', 'ROBOTSTXT_OBEY': True, 'SPIDER_MODULES': ['stockBot.spiders'], 'LOG_FILE': 'logs\\default\\bbSpider\\dc7c9721c5b311e788a03052cbaf3fb7.log', 'BOT_NAME': 'stockBot'}
2017-11-09 20:09:58 [scrapy.middleware] INFO: Enabled extensions:
['scrapy.extensions.logstats.LogStats',
 'scrapy.extensions.telnet.TelnetConsole',
 'scrapy.extensions.corestats.CoreStats']
2017-11-09 20:09:59 [scrapy.middleware] INFO: Enabled downloader middlewares:
['scrapy.downloadermiddlewares.robotstxt.RobotsTxtMiddleware',
 'scrapy.downloadermiddlewares.httpauth.HttpAuthMiddleware',
 'scrapy.downloadermiddlewares.downloadtimeout.DownloadTimeoutMiddleware',
 'scrapy.downloadermiddlewares.defaultheaders.DefaultHeadersMiddleware',
 'scrapy.downloadermiddlewares.useragent.UserAgentMiddleware',
 'scrapy.downloadermiddlewares.retry.RetryMiddleware',
 'scrapy.downloadermiddlewares.redirect.MetaRefreshMiddleware',
 'scrapy.downloadermiddlewares.httpcompression.HttpCompressionMiddleware',
 'scrapy.downloadermiddlewares.redirect.RedirectMiddleware',
 'scrapy.downloadermiddlewares.cookies.CookiesMiddleware',
 'scrapy.downloadermiddlewares.httpproxy.HttpProxyMiddleware',
 'scrapy.downloadermiddlewares.stats.DownloaderStats']
2017-11-09 20:09:59 [scrapy.middleware] INFO: Enabled spider middlewares:
['scrapy.spidermiddlewares.httperror.HttpErrorMiddleware',
 'scrapy.spidermiddlewares.offsite.OffsiteMiddleware',
 'scrapy.spidermiddlewares.referer.RefererMiddleware',
 'scrapy.spidermiddlewares.urllength.UrlLengthMiddleware',
 'scrapy.spidermiddlewares.depth.DepthMiddleware']
2017-11-09 20:09:59 [scrapy.middleware] INFO: Enabled item pipelines:
['stockBot.pipelines.StockbotPipeline']
2017-11-09 20:09:59 [scrapy.core.engine] INFO: Spider opened
2017-11-09 20:09:59 [scrapy.extensions.logstats] INFO: Crawled 0 pages (at 0 pages/min), scraped 0 items (at 0 items/min)
2017-11-09 20:09:59 [scrapy.extensions.telnet] DEBUG: Telnet console listening on 127.0.0.1:6023
2017-11-09 20:09:59 [scrapy.core.engine] DEBUG: Crawled (200) <GET https://www.bloomberg.com/robots.txt> (referer: None)
2017-11-09 20:09:59 [scrapy.core.engine] DEBUG: Crawled (200) <GET https://www.bloomberg.com/search?query=cisco> (referer: None)
2017-11-09 20:10:00 [py.warnings] WARNING: c:\users\owner\documents\codingdojo\python\django\django-venv\lib\site-packages\django\db\models\fields\__init__.py:1451: RuntimeWarning: DateTimeField stockSearch.postDate received a naive datetime (2017-11-08 20:46:49) while time zone support is active.
  RuntimeWarning)

2017-11-09 20:10:00 [scrapy.core.scraper] DEBUG: Scraped from <200 https://www.bloomberg.com/search?query=cisco>
{'headline': 'How to Trade  Systems',
 'link': [u'https://www.bloomberg.com/news/videos/2017-11-08/how-to-trade-cisco-systems-video'],
 'postDate': datetime.datetime(2017, 11, 8, 20, 46, 49)}
2017-11-09 20:10:00 [py.warnings] WARNING: c:\users\owner\documents\codingdojo\python\django\django-venv\lib\site-packages\django\db\models\fields\__init__.py:1451: RuntimeWarning: DateTimeField stockSearch.postDate received a naive datetime (2017-11-07 00:09:31) while time zone support is active.
  RuntimeWarning)

2017-11-09 20:10:00 [scrapy.core.scraper] DEBUG: Scraped from <200 https://www.bloomberg.com/search?query=cisco>
{'headline': [u'John Chambers Says Cricket Farming Can Solve World Hunger'],
 'link': [u'https://www.bloomberg.com/news/videos/2017-11-07/chambers-cricket-farming-can-solve-world-hunger-video'],
 'postDate': datetime.datetime(2017, 11, 7, 0, 9, 31)}
2017-11-09 20:10:00 [py.warnings] WARNING: c:\users\owner\documents\codingdojo\python\django\django-venv\lib\site-packages\django\db\models\fields\__init__.py:1451: RuntimeWarning: DateTimeField stockSearch.postDate received a naive datetime (2017-11-07 00:04:11) while time zone support is active.
  RuntimeWarning)

2017-11-09 20:10:00 [scrapy.core.scraper] DEBUG: Scraped from <200 https://www.bloomberg.com/search?query=cisco>
{'headline': [u'John Chambers Says U.S. Needs More Competitive Tax System'],
 'link': [u'https://www.bloomberg.com/news/videos/2017-11-07/chambers-u-s-needs-more-competitive-tax-system-video'],
 'postDate': datetime.datetime(2017, 11, 7, 0, 4, 11)}
2017-11-09 20:10:00 [py.warnings] WARNING: c:\users\owner\documents\codingdojo\python\django\django-venv\lib\site-packages\django\db\models\fields\__init__.py:1451: RuntimeWarning: DateTimeField stockSearch.postDate received a naive datetime (2017-11-07 01:16:27) while time zone support is active.
  RuntimeWarning)

2017-11-09 20:10:00 [scrapy.core.scraper] DEBUG: Scraped from <200 https://www.bloomberg.com/search?query=cisco>
{'headline': [u'Full Show: Bloomberg Technology (11/06)'],
 'link': [u'https://www.bloomberg.com/news/videos/2017-11-07/full-show-bloomberg-technology-11-06-video'],
 'postDate': datetime.datetime(2017, 11, 7, 1, 16, 27)}
2017-11-09 20:10:00 [py.warnings] WARNING: c:\users\owner\documents\codingdojo\python\django\django-venv\lib\site-packages\django\db\models\fields\__init__.py:1451: RuntimeWarning: DateTimeField stockSearch.postDate received a naive datetime (2017-11-07 00:22:51) while time zone support is active.
  RuntimeWarning)

2017-11-09 20:10:00 [scrapy.core.scraper] DEBUG: Scraped from <200 https://www.bloomberg.com/search?query=cisco>
{'headline': [u'John Chambers on Startups, Cricket Farming and Tax Policy'],
 'link': [u'https://www.bloomberg.com/news/videos/2017-11-07/john-chambers-on-startups-crickets-and-tax-policy-video'],
 'postDate': datetime.datetime(2017, 11, 7, 0, 22, 51)}
2017-11-09 20:10:00 [py.warnings] WARNING: c:\users\owner\documents\codingdojo\python\django\django-venv\lib\site-packages\django\db\models\fields\__init__.py:1451: RuntimeWarning: DateTimeField stockSearch.postDate received a naive datetime (2017-11-09 13:11:39) while time zone support is active.
  RuntimeWarning)

2017-11-09 20:10:00 [scrapy.core.scraper] DEBUG: Scraped from <200 https://www.bloomberg.com/search?query=cisco>
{'headline': [u'Qualtrics Hires Barracuda Networks IPO Veteran as First CFO'],
 'link': [u'https://www.bloomberg.com/news/articles/2017-11-09/qualtrics-hires-barracuda-networks-ipo-veteran-as-first-cfo'],
 'postDate': datetime.datetime(2017, 11, 9, 13, 11, 39)}
2017-11-09 20:10:00 [py.warnings] WARNING: c:\users\owner\documents\codingdojo\python\django\django-venv\lib\site-packages\django\db\models\fields\__init__.py:1451: RuntimeWarning: DateTimeField stockSearch.postDate received a naive datetime (2017-11-08 15:41:05) while time zone support is active.
  RuntimeWarning)

2017-11-09 20:10:00 [scrapy.core.scraper] DEBUG: Scraped from <200 https://www.bloomberg.com/search?query=cisco>
{'headline': [u'Elliott-Backed Mitel Hunts for Smaller Purchases After ShoreTel'],
 'link': [u'https://www.bloomberg.com/news/articles/2017-11-08/elliott-backed-mitel-hunts-for-smaller-purchases-after-shoretel'],
 'postDate': datetime.datetime(2017, 11, 8, 15, 41, 5)}
2017-11-09 20:10:00 [py.warnings] WARNING: c:\users\owner\documents\codingdojo\python\django\django-venv\lib\site-packages\django\db\models\fields\__init__.py:1451: RuntimeWarning: DateTimeField stockSearch.postDate received a naive datetime (2017-11-06 21:05:00) while time zone support is active.
  RuntimeWarning)

2017-11-09 20:10:00 [scrapy.core.scraper] DEBUG: Scraped from <200 https://www.bloomberg.com/search?query=cisco>
{'headline': [u'Google, Salesforce Team Up in Cloud After Takeover Speculation'],
 'link': [u'https://www.bloomberg.com/news/articles/2017-11-06/google-salesforce-team-up-in-cloud-after-takeover-speculation'],
 'postDate': datetime.datetime(2017, 11, 6, 21, 5)}
2017-11-09 20:10:00 [py.warnings] WARNING: c:\users\owner\documents\codingdojo\python\django\django-venv\lib\site-packages\django\db\models\fields\__init__.py:1451: RuntimeWarning: DateTimeField stockSearch.postDate received a naive datetime (2017-11-03 02:34:54) while time zone support is active.
  RuntimeWarning)

2017-11-09 20:10:00 [scrapy.core.scraper] DEBUG: Scraped from <200 https://www.bloomberg.com/search?query=cisco>
{'headline': [u'Hacking is a Worldwide Business'],
 'link': [u'https://www.bloomberg.com/news/audio/2017-11-03/hacking-is-a-worldwide-business'],
 'postDate': datetime.datetime(2017, 11, 3, 2, 34, 54)}
2017-11-09 20:10:00 [py.warnings] WARNING: c:\users\owner\documents\codingdojo\python\django\django-venv\lib\site-packages\django\db\models\fields\__init__.py:1451: RuntimeWarning: DateTimeField stockSearch.postDate received a naive datetime (2017-10-31 22:42:00) while time zone support is active.
  RuntimeWarning)

2017-11-09 20:10:01 [scrapy.core.scraper] DEBUG: Scraped from <200 https://www.bloomberg.com/search?query=cisco>
{'headline': [u' Is Said to Seek Buyer for Digital-TV Software Unit NDS'],
 'link': [u'https://www.bloomberg.com/news/articles/2017-10-31/cisco-is-said-to-seek-buyer-for-digital-tv-software-unit-nds'],
 'postDate': datetime.datetime(2017, 10, 31, 22, 42)}
2017-11-09 20:10:01 [scrapy.core.engine] INFO: Closing spider (finished)
2017-11-09 20:10:01 [scrapy.statscollectors] INFO: Dumping Scrapy stats:
{'downloader/request_bytes': 497,
 'downloader/request_count': 2,
 'downloader/request_method_count/GET': 2,
 'downloader/response_bytes': 28797,
 'downloader/response_count': 2,
 'downloader/response_status_count/200': 2,
 'finish_reason': 'finished',
 'finish_time': datetime.datetime(2017, 11, 10, 1, 10, 1, 45000),
 'item_scraped_count': 10,
 'log_count/DEBUG': 13,
 'log_count/INFO': 7,
 'log_count/WARNING': 10,
 'response_received_count': 2,
 'scheduler/dequeued': 1,
 'scheduler/dequeued/memory': 1,
 'scheduler/enqueued': 1,
 'scheduler/enqueued/memory': 1,
 'start_time': datetime.datetime(2017, 11, 10, 1, 9, 59, 88000)}
2017-11-09 20:10:01 [scrapy.core.engine] INFO: Spider closed (finished)
