1518583131373	geckodriver	INFO	geckodriver 0.19.1
1518583131382	geckodriver	INFO	Listening on 127.0.0.1:60896
1518583132011	mozrunner::runner	INFO	Running command: "C:\\Program Files\\Mozilla Firefox\\firefox.exe" "-marionette" "-profile" "C:\\Users\\Owner\\AppData\\Local\\Temp\\rust_mozprofile.YD0Bh6ZyDrF9"
Unable to read VR Path Registry from C:\Users\Owner\AppData\Local\openvr\openvrpaths.vrpath
1518583133219	Marionette	INFO	Enabled via --marionette
Unable to read VR Path Registry from C:\Users\Owner\AppData\Local\openvr\openvrpaths.vrpath
Unable to read VR Path Registry from C:\Users\Owner\AppData\Local\openvr\openvrpaths.vrpath
Unable to read VR Path Registry from C:\Users\Owner\AppData\Local\openvr\openvrpaths.vrpath
Unable to read VR Path Registry from C:\Users\Owner\AppData\Local\openvr\openvrpaths.vrpath
1518583137343	Marionette	INFO	Listening on port 60901
1518583137452	Marionette	WARN	TLS certificate errors will be ignored for this session
[Parent 20640, Gecko_IOThread] WARNING: pipe error: 109: file z:/build/build/src/ipc/chromium/src/chrome/common/ipc_channel_win.cc, line 346
[Parent 20640, Gecko_IOThread] WARNING: pipe error: 109: file z:/build/build/src/ipc/chromium/src/chrome/common/ipc_channel_win.cc, line 346
[Parent 23836, Gecko_IOThread] WARNING: pipe error: 109: file z:/build/build/src/ipc/chromium/src/chrome/common/ipc_channel_win.cc, line 346
*** UTM:SVC TimerManager:registerTimer called after profile-before-change notification. Ignoring timer registration for id: telemetry_modules_ping

###!!! [Child][MessageChannel::SendAndWait] Error: Channel error: cannot send/recv

 send/recv

g timer registration for id: telemetry_modules_ping

###!!! [Child][MessageChannel::SendAndWait] Error: Channel error: cannot send/recv

nel error: cannot send/recv

 id: telemetry_modules_ping
###!!! [Child][MessageChannel::SendAndWait] Error: Channel error: cannot send/recv

it] Error: Channel error: cannot send/recv

telemetry_modules_ping

###!!! [Child][MessageChannel::SendAndWait] Error: Channel error: cannot send/recv

e-change notification. Ignoring timer registration for id: telemetry_modules_ping

###!!! [Child][MessageChannel::SendAndWait] Error: Channel error: cannot send/recv

346
[Child 44512, Chrome_ChildThread] WARNING: pipe error: 109: file z:/build/build/src/ipc/chromium/src/chrome/common/ipc_channel_win.cc, line 346
*** UTM:SVC TimerManager:registerTimer called after profile-before-change notification. Ignoring timer registration for id: telemetry_modules_ping
Unable to read VR Path Registry from C:\Users\Owner\AppData\Local\openvr\openvrpaths.vrpath
[GPU 54264, Chrome_ChildThread] WARNING: pipe error: 109: file z:/build/build/src/ipc/chromium/src/chrome/common/ipc_channel_win.cc, line 346

###!!! [Child][MessageChannel::SendAndWait] Error: Channel error: cannot send/recv

