2018-03-18 22:26:43 [scrapy.core.scraper] ERROR: Spider error processing <GET https://www.cnbc.com/2018/03/14/microsoft-plans-to-open-its-first-middle-east-data-centers-in-2019.html> (referer: https://search.cnbc.com/rs/search/view.html?source=CNBC.com&categories=exclude&partnerId=2000&pubtime=0&keywords=Microsoft%20)
Traceback (most recent call last):
  File "c:\users\owner\documents\codingdojo\python\django\django-venv\lib\site-packages\scrapy\utils\defer.py", line 102, in iter_errback
    yield next(it)
  File "c:\users\owner\documents\codingdojo\python\django\django-venv\lib\site-packages\scrapy\spidermiddlewares\offsite.py", line 29, in process_spider_output
    for x in result:
  File "c:\users\owner\documents\codingdojo\python\django\django-venv\lib\site-packages\scrapy\spidermiddlewares\referer.py", line 339, in <genexpr>
    return (_set_referer(r) for r in result or ())
  File "c:\users\owner\documents\codingdojo\python\django\django-venv\lib\site-packages\scrapy\spidermiddlewares\urllength.py", line 37, in <genexpr>
    return (r for r in result or () if _filter(r))
  File "c:\users\owner\documents\codingdojo\python\django\django-venv\lib\site-packages\scrapy\spidermiddlewares\depth.py", line 58, in <genexpr>
    return (r for r in result or () if _filter(r))
  File "stockBot\spiders\cnbcSpiderWeb.py", line 108, in parse_article
    clean_article_html=clean_article(article_html)
  File "stockBot\spiders\sentiment_script.py", line 22, in clean_article
    decoded_string=str(article_string).decode("utf-8","ignore") #typecase articlestring to avoid decoding floats
UnicodeEncodeError: 'ascii' codec can't encode character u'\u2014' in position 774: ordinal not in range(128)
2018-03-18 22:26:43 [scrapy.core.scraper] ERROR: Spider error processing <GET https://www.cnbc.com/2018/03/16/bill-gates-quit-this-bad-habit-before-he-became-successful.html> (referer: https://search.cnbc.com/rs/search/view.html?source=CNBC.com&categories=exclude&partnerId=2000&pubtime=0&keywords=Microsoft%20)
Traceback (most recent call last):
  File "c:\users\owner\documents\codingdojo\python\django\django-venv\lib\site-packages\scrapy\utils\defer.py", line 102, in iter_errback
    yield next(it)
  File "c:\users\owner\documents\codingdojo\python\django\django-venv\lib\site-packages\scrapy\spidermiddlewares\offsite.py", line 29, in process_spider_output
    for x in result:
  File "c:\users\owner\documents\codingdojo\python\django\django-venv\lib\site-packages\scrapy\spidermiddlewares\referer.py", line 339, in <genexpr>
    return (_set_referer(r) for r in result or ())
  File "c:\users\owner\documents\codingdojo\python\django\django-venv\lib\site-packages\scrapy\spidermiddlewares\urllength.py", line 37, in <genexpr>
    return (r for r in result or () if _filter(r))
  File "c:\users\owner\documents\codingdojo\python\django\django-venv\lib\site-packages\scrapy\spidermiddlewares\depth.py", line 58, in <genexpr>
    return (r for r in result or () if _filter(r))
  File "stockBot\spiders\cnbcSpiderWeb.py", line 108, in parse_article
    clean_article_html=clean_article(article_html)
  File "stockBot\spiders\sentiment_script.py", line 22, in clean_article
    decoded_string=str(article_string).decode("utf-8","ignore") #typecase articlestring to avoid decoding floats
UnicodeEncodeError: 'ascii' codec can't encode character u'\u2019' in position 1605: ordinal not in range(128)
2018-03-18 22:26:54 [scrapy.core.scraper] ERROR: Spider error processing <GET https://www.cnbc.com/video/2018/03/13/microsoft-celebrates-32nd-ipo-anniversary.html?play=1> (referer: None)
Traceback (most recent call last):
  File "c:\users\owner\documents\codingdojo\python\django\django-venv\lib\site-packages\scrapy\utils\defer.py", line 102, in iter_errback
    yield next(it)
  File "c:\users\owner\documents\codingdojo\python\django\django-venv\lib\site-packages\scrapy\spidermiddlewares\offsite.py", line 29, in process_spider_output
    for x in result:
  File "c:\users\owner\documents\codingdojo\python\django\django-venv\lib\site-packages\scrapy\spidermiddlewares\referer.py", line 339, in <genexpr>
    return (_set_referer(r) for r in result or ())
  File "c:\users\owner\documents\codingdojo\python\django\django-venv\lib\site-packages\scrapy\spidermiddlewares\urllength.py", line 37, in <genexpr>
    return (r for r in result or () if _filter(r))
  File "c:\users\owner\documents\codingdojo\python\django\django-venv\lib\site-packages\scrapy\spidermiddlewares\depth.py", line 58, in <genexpr>
    return (r for r in result or () if _filter(r))
  File "stockBot\spiders\cnbcSpiderWeb.py", line 108, in parse_article
    clean_article_html=clean_article(article_html)
  File "stockBot\spiders\sentiment_script.py", line 22, in clean_article
    decoded_string=str(article_string).decode("utf-8","ignore") #typecase articlestring to avoid decoding floats
UnicodeEncodeError: 'ascii' codec can't encode character u'\u2019' in position 47: ordinal not in range(128)
