1521265012542	geckodriver	INFO	geckodriver 0.19.1
1521265012553	geckodriver	INFO	Listening on 127.0.0.1:63089
1521265013161	mozrunner::runner	INFO	Running command: "C:\\Program Files\\Mozilla Firefox\\firefox.exe" "-marionette" "-profile" "C:\\Users\\Owner\\AppData\\Local\\Temp\\rust_mozprofile.nkZXGJsdCGUM"
Unable to read VR Path Registry from C:\Users\Owner\AppData\Local\openvr\openvrpaths.vrpath
1521265014115	Marionette	INFO	Enabled via --marionette
Unable to read VR Path Registry from C:\Users\Owner\AppData\Local\openvr\openvrpaths.vrpath
Unable to read VR Path Registry from C:\Users\Owner\AppData\Local\openvr\openvrpaths.vrpath
Unable to read VR Path Registry from C:\Users\Owner\AppData\Local\openvr\openvrpaths.vrpath
Unable to read VR Path Registry from C:\Users\Owner\AppData\Local\openvr\openvrpaths.vrpath
1521265017814	Marionette	INFO	Listening on port 63094
1521265018737	Marionette	WARN	TLS certificate errors will be ignored for this session
[Parent 10956, Gecko_IOThread] WARNING: pipe error: 109: file z:/build/build/src/ipc/chromium/src/chrome/common/ipc_channel_win.cc, line 346
[Parent 10956, Gecko_IOThread] WARNING: pipe error: 109: file z:/build/build/src/ipc/chromium/src/chrome/common/ipc_channel_win.cc, line 346
[Child 8244, Chrome_ChildThread] WARNING: pipe error: 109: file z:/build/build/src/ipc/chromium/src/chrome/common/ipc_channel_win.cc, line 346
[Child 8244, C*** UTM:SVC TimerManager:registerTimer called after profile-before-change notification. Ignoring timer registration for id: telemetry_modules_ping
[GPU 2384, Chrome_ChildThread] WARNING: pipe error: 109: file z:/build/build/src/ipc/chromium/src/chrome/common/ipc_channel_win.cc, line 346

###!!! [Child][MessageChannel::SendAndWait] Error: Channel error: cannot send/recv

h*** UTM:SVC TimerManager:registerTimer called after profile-before-change notification. Ignoring timer registration for id: telemetry_modules_ping

###!!! [Child][MessageChannel::SendAndWait] Error: Channel error: cannot send/recv

atures/activity-stream@mozilla.org.xpi!/bootstrap.js:196 < callBootstrapMethod()@resource://gre/modules/addons/XPIProvider.jsm:4406 < observe()@resource://gre/modules/addons/XPIProvider.jsm:2270
[Parent 9400, Gecko_IOThread] WARNING: pipe error: 109: file z:/build/build/src/ipc/chromium/src/chrome/common/ipc_channel_win.cc, line 346
[Child 13108, Chrome_ChildThread] WARNING: pipe error: 109: file z:/build/build/src/ipc/chromium/src/chrome/common/ipc_channel_win.cc, line 346
[Child 5516, Chrome_ChildThread] WARNING: pipe error: 109: file z:/build/build/src/ipc/chromium/src/chrome/common/ipc_channel_win.cc, line 346
[Child 5516, Chrome_Chi[GFX1-]: Receive IPC close with reason=AbnormalShutdown
pc/chromium/src/chrome/common/ipc_channel_win.cc, line 346
[Child ot send/recv

 346
[Child 10212, Ch*** UTM:SVC TimerManager:registerTimer called after profile-before-change notification. Ignoring timer registration for id: telemetry_modules_ping

###!!! [Child][MessageChannel::SendAndWait] Error: Channel error: cannot send/recv

